app/manifest-merger-release-report.txt
-- Merging decision tree log ---
manifest
ADDED from AndroidManifest.xml:21:1
	xmlns:android
		ADDED from AndroidManifest.xml:21:11
	package
		ADDED from AndroidManifest.xml:22:5
		INJECTED from AndroidManifest.xml:0:0
		INJECTED from AndroidManifest.xml:0:0
	android:versionName
		INJECTED from AndroidManifest.xml:0:0
		INJECTED from AndroidManifest.xml:0:0
	android:versionCode
		INJECTED from AndroidManifest.xml:0:0
		INJECTED from AndroidManifest.xml:0:0
	android:installLocation
		ADDED from AndroidManifest.xml:23:5
uses-permission#android.permission.WRITE_EXTERNAL_STORAGE
ADDED from AndroidManifest.xml:25:5
	android:name
		ADDED from AndroidManifest.xml:25:22
uses-permission#android.permission.ACCESS_SUPERUSER
ADDED from AndroidManifest.xml:26:5
	android:name
		ADDED from AndroidManifest.xml:26:22
uses-permission#android.permission.INTERNET
ADDED from AndroidManifest.xml:27:5
MERGED from com.crashlytics.sdk.android:crashlytics:2.2.0:11:5
	android:name
		ADDED from AndroidManifest.xml:27:22
uses-permission#android.permission.ACCESS_NETWORK_STATE
ADDED from AndroidManifest.xml:28:5
	android:name
		ADDED from AndroidManifest.xml:28:22
uses-permission#com.android.vending.BILLING
ADDED from AndroidManifest.xml:29:5
	android:name
		ADDED from AndroidManifest.xml:29:22
supports-screens
ADDED from AndroidManifest.xml:31:5
	android:resizeable
		ADDED from AndroidManifest.xml:35:9
	android:largeScreens
		ADDED from AndroidManifest.xml:33:9
	android:anyDensity
		ADDED from AndroidManifest.xml:32:9
	android:normalScreens
		ADDED from AndroidManifest.xml:34:9
	android:xlargeScreens
		ADDED from AndroidManifest.xml:37:9
	android:smallScreens
		ADDED from AndroidManifest.xml:36:9
application
ADDED from AndroidManifest.xml:39:5
MERGED from turbo-editor.libraries:RootCommands:unspecified:11:5
MERGED from turbo-editor.libraries:FloatingActionButton:unspecified:11:5
MERGED from com.android.support:appcompat-v7:21.0.3:16:5
MERGED from com.android.support:support-v4:21.0.3:16:5
MERGED from com.github.gabrielemariotti.changeloglib:library:1.5.1:11:5
MERGED from com.google.android.gms:play-services-ads:6.5.87:19:5
MERGED from com.google.android.gms:play-services-base:6.5.87:20:5
MERGED from com.android.support:support-v4:21.0.3:16:5
MERGED from com.crashlytics.sdk.android:crashlytics:2.2.0:13:5
MERGED from com.crashlytics.sdk.android:answers:1.1.0:11:5
MERGED from io.fabric.sdk.android:fabric:1.1.0:11:5
MERGED from com.crashlytics.sdk.android:beta:1.1.0:11:5
MERGED from io.fabric.sdk.android:fabric:1.1.0:11:5
MERGED from io.fabric.sdk.android:fabric:1.1.0:11:5
	android:supportsRtl
		ADDED from AndroidManifest.xml:45:9
	android:label
		ADDED from AndroidManifest.xml:42:9
	android:allowBackup
		ADDED from AndroidManifest.xml:40:9
	android:icon
		ADDED from AndroidManifest.xml:41:9
	android:hardwareAccelerated
		ADDED from AndroidManifest.xml:43:9
	android:largeHeap
		ADDED from AndroidManifest.xml:44:9
	android:name
		ADDED from AndroidManifest.xml:46:9
meta-data#com.google.android.gms.version
ADDED from AndroidManifest.xml:51:9
MERGED from com.google.android.gms:play-services-base:6.5.87:21:9
	android:name
		ADDED from AndroidManifest.xml:51:20
	android:value
		ADDED from AndroidManifest.xml:52:13
activity#com.maskyn.fileeditor.HomeActivity
ADDED from AndroidManifest.xml:53:9
	android:windowSoftInputMode
		ADDED from AndroidManifest.xml:57:13
	android:configChanges
		ADDED from AndroidManifest.xml:55:13
	android:theme
		ADDED from AndroidManifest.xml:58:13
	android:name
		ADDED from AndroidManifest.xml:54:13
	android:launchMode
		ADDED from AndroidManifest.xml:56:13
intent-filter#android.intent.action.MAIN+android.intent.category.LAUNCHER+android.intent.category.MULTIWINDOW_LAUNCHER
ADDED from AndroidManifest.xml:59:13
action#android.intent.action.MAIN
ADDED from AndroidManifest.xml:60:17
	android:name
		ADDED from AndroidManifest.xml:60:25
category#android.intent.category.LAUNCHER
ADDED from AndroidManifest.xml:62:17
	android:name
		ADDED from AndroidManifest.xml:62:27
category#android.intent.category.MULTIWINDOW_LAUNCHER
ADDED from AndroidManifest.xml:63:17
	android:name
		ADDED from AndroidManifest.xml:63:27
intent-filter#android.intent.action.EDIT+android.intent.action.PICK+android.intent.action.VIEW+android.intent.category.BROWSABLE+android.intent.category.DEFAULT
ADDED from AndroidManifest.xml:65:13
action#android.intent.action.VIEW
ADDED from AndroidManifest.xml:66:17
	android:name
		ADDED from AndroidManifest.xml:66:25
action#android.intent.action.EDIT
ADDED from AndroidManifest.xml:67:17
	android:name
		ADDED from AndroidManifest.xml:67:25
action#android.intent.action.PICK
ADDED from AndroidManifest.xml:68:17
	android:name
		ADDED from AndroidManifest.xml:68:25
category#android.intent.category.DEFAULT
ADDED from AndroidManifest.xml:70:17
	android:name
		ADDED from AndroidManifest.xml:70:27
category#android.intent.category.BROWSABLE
ADDED from AndroidManifest.xml:71:17
	android:name
		ADDED from AndroidManifest.xml:71:27
data
ADDED from AndroidManifest.xml:73:17
	android:scheme
		ADDED from AndroidManifest.xml:73:23
intent-filter#android.intent.action.SEND+android.intent.category.DEFAULT
ADDED from AndroidManifest.xml:82:13
action#android.intent.action.SEND
ADDED from AndroidManifest.xml:83:17
	android:name
		ADDED from AndroidManifest.xml:83:25
activity#sharedcode.turboeditor.activity.SelectFileActivity
ADDED from AndroidManifest.xml:88:9
	android:label
		ADDED from AndroidManifest.xml:91:13
	android:configChanges
		ADDED from AndroidManifest.xml:90:13
	android:theme
		ADDED from AndroidManifest.xml:93:13
	android:parentActivityName
		ADDED from AndroidManifest.xml:92:13
	android:name
		ADDED from AndroidManifest.xml:89:13
meta-data#android.support.PARENT_ACTIVITY
ADDED from AndroidManifest.xml:94:9
	android:name
		ADDED from AndroidManifest.xml:95:13
	android:value
		ADDED from AndroidManifest.xml:96:13
activity#sharedcode.turboeditor.preferences.ExtraSettingsActivity
ADDED from AndroidManifest.xml:99:9
	android:label
		ADDED from AndroidManifest.xml:101:13
	android:parentActivityName
		ADDED from AndroidManifest.xml:102:13
	android:name
		ADDED from AndroidManifest.xml:100:13
meta-data#com.sec.android.support.multiwindow
ADDED from AndroidManifest.xml:108:9
	android:name
		ADDED from AndroidManifest.xml:109:13
	android:value
		ADDED from AndroidManifest.xml:110:13
meta-data#com.sec.android.multiwindow.DEFAULT_SIZE_W
ADDED from AndroidManifest.xml:111:9
	android:name
		ADDED from AndroidManifest.xml:112:13
	android:value
		ADDED from AndroidManifest.xml:113:13
meta-data#com.sec.android.multiwindow.DEFAULT_SIZE_H
ADDED from AndroidManifest.xml:114:9
	android:name
		ADDED from AndroidManifest.xml:115:13
	android:value
		ADDED from AndroidManifest.xml:116:13
meta-data#com.sec.android.multiwindow.MINIMUM_SIZE_W
ADDED from AndroidManifest.xml:117:9
	android:name
		ADDED from AndroidManifest.xml:118:13
	android:value
		ADDED from AndroidManifest.xml:119:13
meta-data#com.sec.android.multiwindow.MINIMUM_SIZE_H
ADDED from AndroidManifest.xml:120:9
	android:name
		ADDED from AndroidManifest.xml:121:13
	android:value
		ADDED from AndroidManifest.xml:122:13
activity#com.google.android.gms.ads.AdActivity
ADDED from AndroidManifest.xml:124:9
	android:configChanges
		ADDED from AndroidManifest.xml:125:13
	android:name
		ADDED from AndroidManifest.xml:124:19
meta-data#com.crashlytics.ApiKey
ADDED from AndroidManifest.xml:126:9
	android:name
		ADDED from AndroidManifest.xml:126:20
	android:value
		ADDED from AndroidManifest.xml:126:58
uses-sdk
INJECTED from AndroidManifest.xml:0:0 reason: use-sdk injection requested
MERGED from turbo-editor.libraries:sharedCode:unspecified:25:5
MERGED from turbo-editor.libraries:RootCommands:unspecified:7:5
MERGED from turbo-editor.libraries:FloatingActionButton:unspecified:7:5
MERGED from com.android.support:appcompat-v7:21.0.3:15:5
MERGED from com.android.support:support-v4:21.0.3:15:5
MERGED from com.github.gabrielemariotti.changeloglib:library:1.5.1:7:5
MERGED from com.google.android.gms:play-services-ads:6.5.87:18:5
MERGED from com.google.android.gms:play-services-base:6.5.87:18:5
MERGED from com.android.support:support-v4:21.0.3:15:5
MERGED from com.crashlytics.sdk.android:crashlytics:2.2.0:7:5
MERGED from com.crashlytics.sdk.android:answers:1.1.0:7:5
MERGED from io.fabric.sdk.android:fabric:1.1.0:7:5
MERGED from com.crashlytics.sdk.android:beta:1.1.0:7:5
MERGED from io.fabric.sdk.android:fabric:1.1.0:7:5
MERGED from io.fabric.sdk.android:fabric:1.1.0:7:5
	android:targetSdkVersion
		INJECTED from AndroidManifest.xml:0:0
		INJECTED from AndroidManifest.xml:0:0
	android:minSdkVersion
		INJECTED from AndroidManifest.xml:0:0
		INJECTED from AndroidManifest.xml:0:0